LSTM Stock Prediction Tool


Stock Data for AAPL from 2020-01-01 to 2024-03-16

                  Open        High         Low       Close
Date                                                      
2020-01-02   74.059998   75.150002   73.797501   75.087502
2020-01-03   74.287498   75.144997   74.125000   74.357498
2020-01-06   73.447502   74.989998   73.187500   74.949997
2020-01-07   74.959999   75.224998   74.370003   74.597504
2020-01-08   74.290001   76.110001   74.290001   75.797501
...                ...         ...         ...         ...
2024-03-11  172.940002  174.380005  172.050003  172.750000
2024-03-12  173.149994  174.029999  171.009995  173.229996
2024-03-13  172.770004  173.190002  170.759995  171.130005
2024-03-14  172.910004  174.309998  172.050003  173.000000
2024-03-15  171.169998  172.619995  170.289993  172.619995

[1058 rows x 4 columns]


RESULTS

---------------------------
| LSTM RMSE: 0.068447
| LSTM MAPE: 0.042496
---------------------------
| SMA_50 RMSE: 0.270892
| SMA_50 MAPE: 0.211011
---------------------------
| SMA_200 RMSE: 0.573959
| SMA_200 MAPE: 0.392721
---------------------------
